#
# There is insufficient memory for the Java Runtime Environment to continue.
# Native memory allocation (mmap) failed to map 264241152 bytes for G1 virtual space
# Possible reasons:
#   The system is out of physical RAM or swap space
#   The process is running with CompressedOops enabled, and the Java Heap may be blocking the growth of the native heap
# Possible solutions:
#   Reduce memory load on the system
#   Increase physical memory or swap space
#   Check if swap backing store is full
#   Decrease Java heap size (-Xmx/-Xms)
#   Decrease number of Java threads
#   Decrease Java thread stack sizes (-Xss)
#   Set larger code cache with -XX:ReservedCodeCacheSize=
#   JVM is running with Zero Based Compressed Oops mode in which the Java heap is
#     placed in the first 32GB address space. The Java Heap base address is the
#     maximum limit for the native heap growth. Please use -XX:HeapBaseMinAddress
#     to set the Java Heap base and to place the Java Heap above 32GB virtual address.
# This output file may be truncated or incomplete.
#
#  Out of Memory Error (os_windows.cpp:3541), pid=12716, tid=34496
#
# JRE version:  (17.0.5+9) (build )
# Java VM: Java HotSpot(TM) 64-Bit Server VM (17.0.5+9-LTS-191, mixed mode, sharing, tiered, compressed oops, compressed class ptrs, g1 gc, windows-amd64)
# No core dump will be written. Minidumps are not enabled by default on client versions of Windows
#

---------------  S U M M A R Y ------------

Command Line: -XX:+ShowCodeDetailsInExceptionMessages -agentlib:jdwp=transport=dt_socket,suspend=y,address=localhost:57994 -javaagent:C:\Users\jswld\eclipse\java-2023-032\eclipse\configuration\org.eclipse.osgi\231\0\.cp\lib\javaagent-shaded.jar -Dfile.encoding=UTF-8 mysql_conn.Main

Host: 12th Gen Intel(R) Core(TM) i7-1255U, 12 cores, 15G,  Windows 11 , 64 bit Build 22000 (10.0.22000.1219)
Time: Thu May 11 16:55:04 2023  Windows 11 , 64 bit Build 22000 (10.0.22000.1219) elapsed time: 0.038817 seconds (0d 0h 0m 0s)

---------------  T H R E A D  ---------------

Current thread (0x0000019620bb0230):  JavaThread "Unknown thread" [_thread_in_vm, id=34496, stack(0x0000005ccab00000,0x0000005ccac00000)]

Stack: [0x0000005ccab00000,0x0000005ccac00000]
Native frames: (J=compiled Java code, j=interpreted, Vv=VM code, C=native code)
V  [jvm.dll+0x672eea]
V  [jvm.dll+0x7d2a04]
V  [jvm.dll+0x7d41ae]
V  [jvm.dll+0x7d4813]
V  [jvm.dll+0x242c15]
V  [jvm.dll+0x66fe09]
V  [jvm.dll+0x664682]
V  [jvm.dll+0x300e8b]
V  [jvm.dll+0x308426]
V  [jvm.dll+0x357ffe]
V  [jvm.dll+0x35822f]
V  [jvm.dll+0x2d80a8]
V  [jvm.dll+0x2d9014]
V  [jvm.dll+0x7a44e1]
V  [jvm.dll+0x365df1]
V  [jvm.dll+0x7838fc]
V  [jvm.dll+0x3e873f]
V  [jvm.dll+0x3ea1e1]
C  [jli.dll+0x527b]
C  [ucrtbase.dll+0x26c0c]
C  [KERNEL32.DLL+0x15550]
C  [ntdll.dll+0x485b]


---------------  P R O C E S S  ---------------

Threads class SMR info:
_java_thread_list=0x00007ffd5feda8d8, length=0, elements={
}

Java Threads: ( => current thread )

Other Threads:
  0x0000019620c19cd0 GCTaskThread "GC Thread#0" [stack: 0x0000005ccac00000,0x0000005ccad00000] [id=38192]
  0x0000019620c2a660 ConcurrentGCThread "G1 Main Marker" [stack: 0x0000005ccad00000,0x0000005ccae00000] [id=38096]
  0x0000019620c2b870 ConcurrentGCThread "G1 Conc#0" [stack: 0x0000005ccae00000,0x0000005ccaf00000] [id=1056]

[error occurred during error reporting (printing all threads), id 0xc0000005, EXCEPTION_ACCESS_VIOLATION (0xc0000005) at pc=0x00007ffd5f728a97]

VM state: not at safepoint (not fully initialized)

VM Mutex/Monitor currently owned by a thread:  ([mutex/lock_event])
[0x0000019620bacd70] Heap_lock - owner thread: 0x0000019620bb0230

Heap address: 0x0000000704a00000, size: 4022 MB, Compressed Oops mode: Zero based, Oop shift amount: 3

CDS archive(s) mapped at: [0x0000000000000000-0x0000000000000000-0x0000000000000000), size 0, SharedBaseAddress: 0x0000000800000000, ArchiveRelocationMode: 0.
Narrow klass base: 0x0000000000000000, Narrow klass shift: 0, Narrow klass range: 0x0

GC Precious Log:
<Empty>

Heap:
 garbage-first heap   total 0K, used 0K [0x0000000704a00000, 0x0000000800000000)
  region size 2048K, 0 young (0K), 0 survivors (0K)

[error occurred during error reporting (printing heap information), id 0xc0000005, EXCEPTION_ACCESS_VIOLATION (0xc0000005) at pc=0x00007ffd5fb0c399]

GC Heap History (0 events):
No events

Deoptimization events (0 events):
No events

Classes unloaded (0 events):
No events

Classes redefined (0 events):
No events

Internal exceptions (0 events):
No events

VM Operations (0 events):
No events

Events (1 events):
Event: 0.020 Loaded shared library C:\Program Files\Java\jdk-17.0.5\bin\java.dll


Dynamic libraries:
0x00007ff64cf80000 - 0x00007ff64cf90000 	C:\Program Files\Java\jdk-17.0.5\bin\javaw.exe
0x00007ffdea280000 - 0x00007ffdea489000 	C:\windows\SYSTEM32\ntdll.dll
0x00007ffde9e30000 - 0x00007ffde9eee000 	C:\windows\System32\KERNEL32.DLL
0x00007ffde7750000 - 0x00007ffde7acb000 	C:\windows\System32\KERNELBASE.dll
0x00007ffde7c10000 - 0x00007ffde7d21000 	C:\windows\System32\ucrtbase.dll
0x00007ffdbd8d0000 - 0x00007ffdbd8ea000 	C:\Program Files\Java\jdk-17.0.5\bin\VCRUNTIME140.dll
0x00007ffdbd8f0000 - 0x00007ffdbd908000 	C:\Program Files\Java\jdk-17.0.5\bin\jli.dll
0x00007ffde8ae0000 - 0x00007ffde8b8e000 	C:\windows\System32\ADVAPI32.dll
0x00007ffde9520000 - 0x00007ffde95c3000 	C:\windows\System32\msvcrt.dll
0x00007ffde8470000 - 0x00007ffde850e000 	C:\windows\System32\sechost.dll
0x00007ffde8510000 - 0x00007ffde8630000 	C:\windows\System32\RPCRT4.dll
0x00007ffdea090000 - 0x00007ffdea23d000 	C:\windows\System32\USER32.dll
0x00007ffde7da0000 - 0x00007ffde7dc6000 	C:\windows\System32\win32u.dll
0x00007ffde94e0000 - 0x00007ffde9509000 	C:\windows\System32\GDI32.dll
0x00007ffdd80f0000 - 0x00007ffdd8395000 	C:\windows\WinSxS\amd64_microsoft.windows.common-controls_6595b64144ccf1df_6.0.22000.120_none_9d947278b86cc467\COMCTL32.dll
0x00007ffde7dd0000 - 0x00007ffde7ee8000 	C:\windows\System32\gdi32full.dll
0x00007ffde8060000 - 0x00007ffde80fd000 	C:\windows\System32\msvcp_win.dll
0x00007ffddc690000 - 0x00007ffddc69a000 	C:\windows\SYSTEM32\VERSION.dll
0x00007ffde8630000 - 0x00007ffde8662000 	C:\windows\System32\IMM32.DLL
0x00007ffdd9c50000 - 0x00007ffdd9c5c000 	C:\Program Files\Java\jdk-17.0.5\bin\vcruntime140_1.dll
0x00007ffd9c970000 - 0x00007ffd9c9fd000 	C:\Program Files\Java\jdk-17.0.5\bin\msvcp140.dll
0x00007ffd5f440000 - 0x00007ffd60002000 	C:\Program Files\Java\jdk-17.0.5\bin\server\jvm.dll
0x00007ffde9510000 - 0x00007ffde9518000 	C:\windows\System32\PSAPI.DLL
0x00007ffdc5aa0000 - 0x00007ffdc5aa9000 	C:\windows\SYSTEM32\WSOCK32.dll
0x00007ffddfc40000 - 0x00007ffddfc73000 	C:\windows\SYSTEM32\WINMM.dll
0x00007ffde9830000 - 0x00007ffde989f000 	C:\windows\System32\WS2_32.dll
0x00007ffde6840000 - 0x00007ffde6858000 	C:\windows\SYSTEM32\kernel.appcore.dll
0x00007ffde0b90000 - 0x00007ffde0b9a000 	C:\Program Files\Java\jdk-17.0.5\bin\jimage.dll
0x00007ffde2c30000 - 0x00007ffde2e51000 	C:\windows\SYSTEM32\DBGHELP.DLL
0x00007ffdd7a70000 - 0x00007ffdd7aa1000 	C:\windows\SYSTEM32\dbgcore.DLL
0x00007ffde7ad0000 - 0x00007ffde7b4f000 	C:\windows\System32\bcryptPrimitives.dll
0x00007ffdbd890000 - 0x00007ffdbd8cb000 	C:\Program Files\Java\jdk-17.0.5\bin\jdwp.dll
0x00007ffdd40c0000 - 0x00007ffdd40ce000 	C:\Program Files\Java\jdk-17.0.5\bin\instrument.dll
0x00007ffdd3a70000 - 0x00007ffdd3a95000 	C:\Program Files\Java\jdk-17.0.5\bin\java.dll

dbghelp: loaded successfully - version: 4.0.5 - missing functions: none
symbol engine: initialized successfully - sym options: 0x614 - pdb path: .;C:\Program Files\Java\jdk-17.0.5\bin;C:\windows\SYSTEM32;C:\windows\WinSxS\amd64_microsoft.windows.common-controls_6595b64144ccf1df_6.0.22000.120_none_9d947278b86cc467;C:\Program Files\Java\jdk-17.0.5\bin\server

VM Arguments:
jvm_args: -XX:+ShowCodeDetailsInExceptionMessages -agentlib:jdwp=transport=dt_socket,suspend=y,address=localhost:57994 -javaagent:C:\Users\jswld\eclipse\java-2023-032\eclipse\configuration\org.eclipse.osgi\231\0\.cp\lib\javaagent-shaded.jar -Dfile.encoding=UTF-8 
java_command: mysql_conn.Main
java_class_path (initial): C:\Users\jswld\eclipse-workspace\mysql_conn\bin;C:\Users\jswld\OneDrive\πŸ≈¡ »≠∏È\mysql-connector-j-8.0.33
Launcher Type: SUN_STANDARD

[Global flags]
     intx CICompilerCount                          = 4                                         {product} {ergonomic}
     uint ConcGCThreads                            = 3                                         {product} {ergonomic}
     uint G1ConcRefinementThreads                  = 10                                        {product} {ergonomic}
   size_t G1HeapRegionSize                         = 2097152                                   {product} {ergonomic}
    uintx GCDrainStackTargetSize                   = 64                                        {product} {ergonomic}
   size_t InitialHeapSize                          = 264241152                                 {product} {ergonomic}
   size_t MarkStackSize                            = 4194304                                   {product} {ergonomic}
   size_t MaxHeapSize                              = 4217372672                                {product} {ergonomic}
   size_t MinHeapDeltaBytes                        = 2097152                                   {product} {ergonomic}
   size_t MinHeapSize                              = 8388608                                   {product} {ergonomic}
    uintx NonNMethodCodeHeapSize                   = 5839372                                {pd product} {ergonomic}
    uintx NonProfiledCodeHeapSize                  = 122909434                              {pd product} {ergonomic}
    uintx ProfiledCodeHeapSize                     = 122909434                              {pd product} {ergonomic}
    uintx ReservedCodeCacheSize                    = 251658240                              {pd product} {ergonomic}
     bool SegmentedCodeCache                       = true                                      {product} {ergonomic}
     bool ShowCodeDetailsInExceptionMessages       = true                                   {manageable} {command line}
   size_t SoftMaxHeapSize                          = 4217372672                             {manageable} {ergonomic}
     bool UseCompressedClassPointers               = true                           {product lp64_product} {ergonomic}
     bool UseCompressedOops                        = true                           {product lp64_product} {ergonomic}
     bool UseG1GC                                  = true                                      {product} {ergonomic}
     bool UseLargePagesIndividualAllocation        = false                                  {pd product} {ergonomic}

Logging:
Log output configuration:
 #0: stdout all=warning uptime,level,tags
 #1: stderr all=off uptime,level,tags

Environment Variables:
JAVA_HOME=C:\Program Files\Java\jdk-17.0.5
PATH=C:/Program Files/Java/jdk-17.0.5/bin/server;C:/Program Files/Java/jdk-17.0.5/bin;C:/Users/jswld/AppData/Local/Temp/eoiBB1.tmp//plugins/org.eclipse.justj.openjdk.hotspot.jre.minimal.stripped.win32.x86_64_17.0.6.v20230204-1729/jre/bin/server;C:/Users/jswld/AppData/Local/Temp/eoiBB1.tmp//plugins/org.eclipse.justj.openjdk.hotspot.jre.minimal.stripped.win32.x86_64_17.0.6.v20230204-1729/jre/bin;C:\Program Files\Common Files\Oracle\Java\javapath;C:\windows\system32;C:\windows;C:\windows\System32\Wbem;C:\windows\System32\WindowsPowerShell\v1.0\;C:\windows\System32\OpenSSH\;C:\Program Files\Git\cmd;C:\Program Files\Bandizip\;C:\Users\jswld\AppData\Local\Microsoft\WindowsApps;C:\Program Files\Java\jdk-17.0.5\bin;C:\Users\jswld\AppData\Local\Programs\Microsoft VS Code\bin;C:\Program Files\spring-2.2.2.RELEASE\bin;C:\Program Files\gradle-7.6\bin;C:\Program Files\MySQL\MySQL Server 8.0\bin;;C:\Users\jswld\Downloads;;C:\Users\jswld\Downloads;
USERNAME=user
OS=Windows_NT
PROCESSOR_IDENTIFIER=Intel64 Family 6 Model 154 Stepping 4, GenuineIntel



---------------  S Y S T E M  ---------------

OS:
 Windows 11 , 64 bit Build 22000 (10.0.22000.1219)
OS uptime: 2 days 3:18 hours
Hyper-V role detected

CPU: total 12 (initial active 12) (6 cores per cpu, 2 threads per core) family 6 model 154 stepping 4 microcode 0x423, cx8, cmov, fxsr, ht, mmx, 3dnowpref, sse, sse2, sse3, ssse3, sse4.1, sse4.2, popcnt, lzcnt, tsc, tscinvbit, avx, avx2, aes, erms, clmul, bmi1, bmi2, adx, sha, fma, vzeroupper, clflush, clflushopt, clwb, hv

Memory: 4k page, system-wide physical 16085M (1463M free)
TotalPageFile size 44022M (AvailPageFile size 76M)
current process WorkingSet (physical memory assigned to process): 10M, peak: 10M
current process commit charge ("private bytes"): 64M, peak: 316M

vm_info: Java HotSpot(TM) 64-Bit Server VM (17.0.5+9-LTS-191) for windows-amd64 JRE (17.0.5+9-LTS-191), built on Sep 13 2022 17:31:43 by "mach5one" with MS VC++ 16.8 / 16.9 (VS2019)

END.
